2025-03-19 12:51:14.546 | INFO     | __main__:main:41 - Starting data preparation...
2025-03-19 12:51:14.547 | INFO     | __main__:read_raw_data:26 - Reading raw data from C:\Projects\smart-store-ddstcyr\data\raw\customers_data.csv.
2025-03-19 12:51:14.568 | INFO     | __main__:read_raw_data:26 - Reading raw data from C:\Projects\smart-store-ddstcyr\data\raw\products_data.csv.
2025-03-19 12:51:14.582 | INFO     | __main__:read_raw_data:26 - Reading raw data from C:\Projects\smart-store-ddstcyr\data\raw\sales_data.csv.
2025-03-19 12:51:14.608 | INFO     | __main__:main:45 - Data preparation complete.
2025-03-26 11:31:35.166 | INFO     | __main__:main:227 - ==================================
2025-03-26 11:31:35.166 | INFO     | __main__:main:228 - STARTING prepare_products_data.py
2025-03-26 11:31:35.166 | INFO     | __main__:main:229 - ==================================
2025-03-26 11:31:35.166 | INFO     | __main__:main:231 - Root project folder: C:\Projects\smart-store-ddstcyr
2025-03-26 11:31:35.175 | INFO     | __main__:main:232 - data / raw folder: C:\Projects\smart-store-ddstcyr\data\raw
2025-03-26 11:31:35.175 | INFO     | __main__:main:233 - data / prepared folder: C:\Projects\smart-store-ddstcyr\data\prepared
2025-03-26 11:31:35.175 | INFO     | __main__:read_raw_data:59 - FUNCTION START: read_raw_data with file_name=products_data.csv
2025-03-26 11:31:35.175 | INFO     | __main__:read_raw_data:61 - Reading data from C:\Projects\smart-store-ddstcyr\data\raw\products_data.csv
2025-03-26 11:31:35.199 | INFO     | __main__:read_raw_data:63 - Loaded dataframe with 8 rows and 10 columns
2025-03-26 11:31:35.201 | INFO     | __main__:main:242 - Initial dataframe columns: ProductID, ProductName, Category, UnitPrice, StockQuantity, Supplier, Unnamed: 6, Unnamed: 7, Unnamed: 8, Unnamed: 9
2025-03-26 11:31:35.203 | INFO     | __main__:main:243 - Initial dataframe shape: (8, 10)
2025-03-26 11:31:35.206 | INFO     | __main__:main:252 - Cleaned column names: ProductID -> productid, ProductName -> productname, Category -> category, UnitPrice -> unitprice, StockQuantity -> stockquantity, Supplier -> supplier, Unnamed: 6 -> unnamed:_6, Unnamed: 7 -> unnamed:_7, Unnamed: 8 -> unnamed:_8, Unnamed: 9 -> unnamed:_9
2025-03-26 11:31:35.207 | INFO     | __main__:remove_duplicates:96 - FUNCTION START: remove_duplicates with dataframe shape=(8, 10)
2025-03-26 11:31:35.216 | INFO     | __main__:remove_duplicates:106 - Removed 0 duplicate rows
2025-03-26 11:31:35.216 | INFO     | __main__:remove_duplicates:107 - 8 records remaining after removing duplicates.
2025-03-26 11:31:35.216 | INFO     | __main__:handle_missing_values:121 - FUNCTION START: handle_missing_values with dataframe shape=(8, 10)
2025-03-26 11:31:35.223 | INFO     | __main__:handle_missing_values:126 - Missing values by column before handling:
productid        0
productname      0
category         0
unitprice        0
stockquantity    0
supplier         0
unnamed:_6       8
unnamed:_7       8
unnamed:_8       8
unnamed:_9       8
dtype: int64
2025-03-26 11:31:35.223 | INFO     | __main__:handle_missing_values:140 - Missing values by column after handling:
productid        0
productname      0
category         0
unitprice        0
stockquantity    0
supplier         0
unnamed:_6       8
unnamed:_7       8
unnamed:_8       8
unnamed:_9       8
dtype: int64
2025-03-26 11:31:35.223 | INFO     | __main__:handle_missing_values:141 - 8 records remaining after handling missing values.
2025-03-26 11:31:35.223 | INFO     | __main__:standardize_formats:188 - FUNCTION START: standardize_formats with dataframe shape=(8, 10)
2025-03-26 11:31:35.229 | INFO     | __main__:standardize_formats:198 - Completed standardizing formats
2025-03-26 11:31:35.230 | INFO     | __main__:remove_outliers:155 - FUNCTION START: remove_outliers with dataframe shape=(8, 10)
2025-03-26 11:31:35.231 | INFO     | __main__:remove_outliers:174 - Removed 0 outlier rows
2025-03-26 11:31:35.232 | INFO     | __main__:remove_outliers:175 - 8 records remaining after removing outliers.
2025-03-26 11:31:35.234 | INFO     | __main__:validate_data:211 - FUNCTION START: validate_data with dataframe shape=(8, 10)
2025-03-26 11:31:35.235 | INFO     | __main__:validate_data:220 - Data validation complete
2025-03-26 11:31:35.235 | INFO     | __main__:save_prepared_data:81 - FUNCTION START: save_prepared_data with file_name=products_data_prepared.csv, dataframe shape=(8, 10)
2025-03-26 11:40:34.096 | INFO     | __main__:main:227 - ==================================
2025-03-26 11:40:34.096 | INFO     | __main__:main:228 - STARTING prepare_products_data.py
2025-03-26 11:40:34.096 | INFO     | __main__:main:229 - ==================================
2025-03-26 11:40:34.096 | INFO     | __main__:main:231 - Root project folder: C:\Projects\smart-store-ddstcyr
2025-03-26 11:40:34.096 | INFO     | __main__:main:232 - data / raw folder: C:\Projects\smart-store-ddstcyr\data\raw
2025-03-26 11:40:34.096 | INFO     | __main__:main:233 - data / prepared folder: C:\Projects\smart-store-ddstcyr\data\prepared
2025-03-26 11:40:34.096 | INFO     | __main__:read_raw_data:59 - FUNCTION START: read_raw_data with file_name=products_data.csv
2025-03-26 11:40:34.096 | INFO     | __main__:read_raw_data:61 - Reading data from C:\Projects\smart-store-ddstcyr\data\raw\products_data.csv
2025-03-26 11:40:34.109 | INFO     | __main__:read_raw_data:63 - Loaded dataframe with 8 rows and 10 columns
2025-03-26 11:40:34.109 | INFO     | __main__:main:242 - Initial dataframe columns: ProductID, ProductName, Category, UnitPrice, StockQuantity, Supplier, Unnamed: 6, Unnamed: 7, Unnamed: 8, Unnamed: 9
2025-03-26 11:40:34.109 | INFO     | __main__:main:243 - Initial dataframe shape: (8, 10)
2025-03-26 11:40:34.113 | INFO     | __main__:main:252 - Cleaned column names: ProductID -> productid, ProductName -> productname, Category -> category, UnitPrice -> unitprice, StockQuantity -> stockquantity, Supplier -> supplier, Unnamed: 6 -> unnamed:_6, Unnamed: 7 -> unnamed:_7, Unnamed: 8 -> unnamed:_8, Unnamed: 9 -> unnamed:_9
2025-03-26 11:40:34.113 | INFO     | __main__:remove_duplicates:96 - FUNCTION START: remove_duplicates with dataframe shape=(8, 10)
2025-03-26 11:40:34.117 | INFO     | __main__:remove_duplicates:106 - Removed 0 duplicate rows
2025-03-26 11:40:34.118 | INFO     | __main__:remove_duplicates:107 - 8 records remaining after removing duplicates.
2025-03-26 11:40:34.119 | INFO     | __main__:handle_missing_values:121 - FUNCTION START: handle_missing_values with dataframe shape=(8, 10)
2025-03-26 11:40:34.120 | INFO     | __main__:handle_missing_values:126 - Missing values by column before handling:
productid        0
productname      0
category         0
unitprice        0
stockquantity    0
supplier         0
unnamed:_6       8
unnamed:_7       8
unnamed:_8       8
unnamed:_9       8
dtype: int64
2025-03-26 11:40:34.123 | INFO     | __main__:handle_missing_values:140 - Missing values by column after handling:
productid        0
productname      0
category         0
unitprice        0
stockquantity    0
supplier         0
unnamed:_6       8
unnamed:_7       8
unnamed:_8       8
unnamed:_9       8
dtype: int64
2025-03-26 11:40:34.124 | INFO     | __main__:handle_missing_values:141 - 8 records remaining after handling missing values.
2025-03-26 11:40:34.126 | INFO     | __main__:standardize_formats:188 - FUNCTION START: standardize_formats with dataframe shape=(8, 10)
2025-03-26 11:40:34.128 | INFO     | __main__:standardize_formats:198 - Completed standardizing formats
2025-03-26 11:40:34.130 | INFO     | __main__:remove_outliers:155 - FUNCTION START: remove_outliers with dataframe shape=(8, 10)
2025-03-26 11:40:34.131 | INFO     | __main__:remove_outliers:174 - Removed 0 outlier rows
2025-03-26 11:40:34.131 | INFO     | __main__:remove_outliers:175 - 8 records remaining after removing outliers.
2025-03-26 11:40:34.132 | INFO     | __main__:validate_data:211 - FUNCTION START: validate_data with dataframe shape=(8, 10)
2025-03-26 11:40:34.132 | INFO     | __main__:validate_data:220 - Data validation complete
2025-03-26 11:40:34.133 | INFO     | __main__:save_prepared_data:81 - FUNCTION START: save_prepared_data with file_name=products_data_prepared.csv, dataframe shape=(8, 10)
2025-03-26 11:40:34.144 | INFO     | __main__:save_prepared_data:84 - Data saved to C:\Projects\smart-store-ddstcyr\data\prepared\products_data_prepared.csv
2025-03-26 11:40:34.145 | INFO     | __main__:main:264 - ==================================
2025-03-26 11:40:34.147 | INFO     | __main__:main:265 - FINISHED prepare_products_data.py
2025-03-26 11:40:34.149 | INFO     | __main__:main:266 - ==================================
2025-03-26 11:41:03.966 | INFO     | __main__:main:162 - ==================================
2025-03-26 11:41:03.966 | INFO     | __main__:main:163 - STARTING prepare_customers_data.py
2025-03-26 11:41:03.966 | INFO     | __main__:main:164 - ==================================
2025-03-26 11:41:03.966 | INFO     | __main__:main:166 - Root project folder: C:\Projects\smart-store-ddstcyr
2025-03-26 11:41:03.966 | INFO     | __main__:main:167 - data / raw folder: C:\Projects\smart-store-ddstcyr\data\raw
2025-03-26 11:41:03.966 | INFO     | __main__:main:168 - data / prepared folder: C:\Projects\smart-store-ddstcyr\data\prepared
2025-03-26 11:41:03.966 | INFO     | __main__:main:169 - scripts folder: C:\Projects\smart-store-ddstcyr\scripts
2025-03-26 11:41:03.972 | INFO     | __main__:read_raw_data:66 - FUNCTION START: read_raw_data with file_name=customers_data.csv
2025-03-26 11:41:03.972 | INFO     | __main__:read_raw_data:68 - Reading data from C:\Projects\smart-store-ddstcyr\data\raw\customers_data.csv
2025-03-26 11:41:03.997 | INFO     | __main__:read_raw_data:70 - Loaded dataframe with 11 rows and 10 columns
2025-03-26 11:41:03.998 | INFO     | __main__:main:178 - Initial dataframe columns: CustomerID, Name, Region, JoinDate, RewardPoints, ContactMethod, Unnamed: 6, Unnamed: 7, Unnamed: 8, Unnamed: 9
2025-03-26 11:41:03.998 | INFO     | __main__:main:179 - Initial dataframe shape: (11, 10)
2025-03-26 11:41:04.001 | INFO     | __main__:remove_duplicates:98 - FUNCTION START: remove_duplicates with dataframe shape=(11, 10)
2025-03-26 11:41:04.005 | INFO     | __main__:remove_duplicates:102 - Removed 0 duplicate rows
2025-03-26 11:41:04.006 | INFO     | __main__:remove_duplicates:103 - 11 records remaining after removing duplicates.
2025-03-26 11:41:04.008 | INFO     | __main__:handle_missing_values:117 - FUNCTION START: handle_missing_values with dataframe shape=(11, 10)
2025-03-26 11:41:04.009 | INFO     | __main__:handle_missing_values:121 - Total missing values before handling: 46
2025-03-26 11:41:04.010 | INFO     | __main__:handle_missing_values:130 - Total missing values after handling: 46
2025-03-26 11:41:04.011 | INFO     | __main__:handle_missing_values:131 - 11 records remaining after handling missing values.
2025-03-26 11:41:04.011 | INFO     | __main__:remove_outliers:145 - FUNCTION START: remove_outliers with dataframe shape=(11, 10)
2025-03-26 11:41:04.013 | INFO     | __main__:remove_outliers:153 - Removed 0 outlier rows
2025-03-26 11:41:04.014 | INFO     | __main__:remove_outliers:154 - 11 records remaining after removing outliers.
2025-03-26 11:41:04.015 | INFO     | __main__:save_prepared_data:81 - FUNCTION START: save_prepared_data with file_name=customers_data_prepared.csv, dataframe shape=(11, 10)
2025-03-26 11:41:04.024 | INFO     | __main__:save_prepared_data:84 - Data saved to C:\Projects\smart-store-ddstcyr\data\prepared\customers_data_prepared.csv
2025-03-26 11:41:04.024 | INFO     | __main__:main:202 - ==================================
2025-03-26 11:41:04.027 | INFO     | __main__:main:203 - FINISHED prepare_customers_data.py
2025-03-26 11:41:04.027 | INFO     | __main__:main:204 - ==================================
2025-03-26 11:41:47.353 | INFO     | __main__:main:227 - ==================================
2025-03-26 11:41:47.354 | INFO     | __main__:main:228 - STARTING prepare_products_data.py
2025-03-26 11:41:47.354 | INFO     | __main__:main:229 - ==================================
2025-03-26 11:41:47.355 | INFO     | __main__:main:231 - Root project folder: C:\Projects\smart-store-ddstcyr
2025-03-26 11:41:47.356 | INFO     | __main__:main:232 - data / raw folder: C:\Projects\smart-store-ddstcyr\data\raw
2025-03-26 11:41:47.356 | INFO     | __main__:main:233 - data / prepared folder: C:\Projects\smart-store-ddstcyr\data\prepared
2025-03-26 11:41:47.357 | INFO     | __main__:read_raw_data:59 - FUNCTION START: read_raw_data with file_name=sales_data.csv
2025-03-26 11:41:47.357 | INFO     | __main__:read_raw_data:61 - Reading data from C:\Projects\smart-store-ddstcyr\data\raw\sales_data.csv
2025-03-26 11:41:47.406 | INFO     | __main__:read_raw_data:63 - Loaded dataframe with 94 rows and 14 columns
2025-03-26 11:41:47.408 | INFO     | __main__:main:242 - Initial dataframe columns: TransactionID, SaleDate, CustomerID, ProductID, StoreID, CampaignID, SaleAmount, DiscountCoupon, PaymentType, Unnamed: 9, Unnamed: 10, Unnamed: 11, Unnamed: 12, Unnamed: 13
2025-03-26 11:41:47.412 | INFO     | __main__:main:243 - Initial dataframe shape: (94, 14)
2025-03-26 11:41:47.422 | INFO     | __main__:main:252 - Cleaned column names: TransactionID -> transactionid, SaleDate -> saledate, CustomerID -> customerid, ProductID -> productid, StoreID -> storeid, CampaignID -> campaignid, SaleAmount -> saleamount, DiscountCoupon -> discountcoupon, PaymentType -> paymenttype, Unnamed: 9 -> unnamed:_9, Unnamed: 10 -> unnamed:_10, Unnamed: 11 -> unnamed:_11, Unnamed: 12 -> unnamed:_12, Unnamed: 13 -> unnamed:_13
2025-03-26 11:41:47.424 | INFO     | __main__:remove_duplicates:96 - FUNCTION START: remove_duplicates with dataframe shape=(94, 14)
2025-03-26 11:41:47.435 | INFO     | __main__:remove_duplicates:106 - Removed 0 duplicate rows
2025-03-26 11:41:47.437 | INFO     | __main__:remove_duplicates:107 - 94 records remaining after removing duplicates.
2025-03-26 11:41:47.439 | INFO     | __main__:handle_missing_values:121 - FUNCTION START: handle_missing_values with dataframe shape=(94, 14)
2025-03-26 11:41:47.445 | INFO     | __main__:handle_missing_values:126 - Missing values by column before handling:
transactionid      0
saledate           0
customerid         0
productid          0
storeid            0
campaignid         0
saleamount         0
discountcoupon     0
paymenttype        0
unnamed:_9        94
unnamed:_10       94
unnamed:_11       94
unnamed:_12       94
unnamed:_13       94
dtype: int64
2025-03-26 11:41:47.452 | INFO     | __main__:handle_missing_values:140 - Missing values by column after handling:
transactionid      0
saledate           0
customerid         0
productid          0
storeid            0
campaignid         0
saleamount         0
discountcoupon     0
paymenttype        0
unnamed:_9        94
unnamed:_10       94
unnamed:_11       94
unnamed:_12       94
unnamed:_13       94
dtype: int64
2025-03-26 11:41:47.453 | INFO     | __main__:handle_missing_values:141 - 94 records remaining after handling missing values.
2025-03-26 11:41:47.468 | INFO     | __main__:standardize_formats:188 - FUNCTION START: standardize_formats with dataframe shape=(94, 14)
2025-03-26 11:41:47.468 | INFO     | __main__:standardize_formats:198 - Completed standardizing formats
2025-03-26 11:41:47.474 | INFO     | __main__:remove_outliers:155 - FUNCTION START: remove_outliers with dataframe shape=(94, 14)
2025-03-26 11:41:47.476 | INFO     | __main__:remove_outliers:174 - Removed 0 outlier rows
2025-03-26 11:41:47.476 | INFO     | __main__:remove_outliers:175 - 94 records remaining after removing outliers.
2025-03-26 11:41:47.481 | INFO     | __main__:validate_data:211 - FUNCTION START: validate_data with dataframe shape=(94, 14)
2025-03-26 11:41:47.482 | INFO     | __main__:validate_data:220 - Data validation complete
2025-03-26 11:41:47.485 | INFO     | __main__:save_prepared_data:81 - FUNCTION START: save_prepared_data with file_name=sales_data_prepared.csv, dataframe shape=(94, 14)
2025-03-26 11:41:47.504 | INFO     | __main__:save_prepared_data:84 - Data saved to C:\Projects\smart-store-ddstcyr\data\prepared\sales_data_prepared.csv
2025-03-26 11:41:47.506 | INFO     | __main__:main:264 - ==================================
2025-03-26 11:41:47.508 | INFO     | __main__:main:265 - FINISHED prepare_products_data.py
2025-03-26 11:41:47.510 | INFO     | __main__:main:266 - ==================================
2025-03-26 12:04:47.016 | INFO     | __main__:main:227 - ==================================
2025-03-26 12:04:47.016 | INFO     | __main__:main:228 - STARTING prepare_products_data.py
2025-03-26 12:04:47.016 | INFO     | __main__:main:229 - ==================================
2025-03-26 12:04:47.016 | INFO     | __main__:read_raw_data:59 - FUNCTION START: read_raw_data with file_name=sales_data.csv
2025-03-26 12:04:47.016 | INFO     | __main__:read_raw_data:61 - Reading data from C:\Projects\smart-store-ddstcyr\data\raw\sales_data.csv
2025-03-26 12:04:47.024 | INFO     | __main__:read_raw_data:63 - Loaded dataframe with 94 rows and 14 columns
2025-03-26 12:04:47.035 | INFO     | __main__:main:241 - Initial dataframe columns: TransactionID, SaleDate, CustomerID, ProductID, StoreID, CampaignID, SaleAmount, DiscountCoupon, PaymentType
2025-03-26 12:04:47.035 | INFO     | __main__:main:242 - Initial dataframe shape: (94, 9)
2025-03-26 12:04:47.036 | INFO     | __main__:main:251 - Cleaned column names: TransactionID -> transactionid, SaleDate -> saledate, CustomerID -> customerid, ProductID -> productid, StoreID -> storeid, CampaignID -> campaignid, SaleAmount -> saleamount, DiscountCoupon -> discountcoupon, PaymentType -> paymenttype
2025-03-26 12:04:47.038 | INFO     | __main__:remove_duplicates:96 - FUNCTION START: remove_duplicates with dataframe shape=(94, 9)
2025-03-26 12:04:47.039 | INFO     | __main__:remove_duplicates:106 - Removed 0 duplicate rows
2025-03-26 12:04:47.042 | INFO     | __main__:remove_duplicates:107 - 94 records remaining after removing duplicates.
2025-03-26 12:04:47.042 | INFO     | __main__:handle_missing_values:121 - FUNCTION START: handle_missing_values with dataframe shape=(94, 9)
2025-03-26 12:04:47.044 | INFO     | __main__:handle_missing_values:126 - Missing values by column before handling:
transactionid     0
saledate          0
customerid        0
productid         0
storeid           0
campaignid        0
saleamount        0
discountcoupon    0
paymenttype       0
dtype: int64
2025-03-26 12:04:47.047 | INFO     | __main__:handle_missing_values:140 - Missing values by column after handling:
transactionid     0
saledate          0
customerid        0
productid         0
storeid           0
campaignid        0
saleamount        0
discountcoupon    0
paymenttype       0
dtype: int64
2025-03-26 12:04:47.048 | INFO     | __main__:handle_missing_values:141 - 94 records remaining after handling missing values.
2025-03-26 12:04:47.048 | INFO     | __main__:standardize_formats:188 - FUNCTION START: standardize_formats with dataframe shape=(94, 9)
2025-03-26 12:04:47.049 | INFO     | __main__:standardize_formats:198 - Completed standardizing formats
2025-03-26 12:04:47.049 | INFO     | __main__:remove_outliers:155 - FUNCTION START: remove_outliers with dataframe shape=(94, 9)
2025-03-26 12:04:47.049 | INFO     | __main__:remove_outliers:174 - Removed 0 outlier rows
2025-03-26 12:04:47.050 | INFO     | __main__:remove_outliers:175 - 94 records remaining after removing outliers.
2025-03-26 12:04:47.050 | INFO     | __main__:validate_data:211 - FUNCTION START: validate_data with dataframe shape=(94, 9)
2025-03-26 12:04:47.052 | INFO     | __main__:validate_data:220 - Data validation complete
2025-03-26 12:04:47.053 | INFO     | __main__:save_prepared_data:81 - FUNCTION START: save_prepared_data with file_name=sales_data_prepared.csv, dataframe shape=(94, 9)
2025-03-26 12:04:47.061 | INFO     | __main__:save_prepared_data:84 - Data saved to C:\Projects\smart-store-ddstcyr\data\prepared\sales_data_prepared.csv
2025-03-26 12:04:47.064 | INFO     | __main__:main:263 - ==================================
2025-03-26 12:04:47.066 | INFO     | __main__:main:264 - FINISHED prepare_products_data.py
2025-03-26 12:04:47.067 | INFO     | __main__:main:265 - ==================================
2025-03-26 12:11:25.568 | INFO     | __main__:main:162 - ==================================
2025-03-26 12:11:25.568 | INFO     | __main__:main:163 - STARTING prepare_customers_data.py
2025-03-26 12:11:25.568 | INFO     | __main__:main:164 - ==================================
2025-03-26 12:11:25.568 | INFO     | __main__:main:166 - Root project folder: C:\Projects\smart-store-ddstcyr
2025-03-26 12:11:25.568 | INFO     | __main__:main:167 - data / raw folder: C:\Projects\smart-store-ddstcyr\data\raw
2025-03-26 12:11:25.568 | INFO     | __main__:main:168 - data / prepared folder: C:\Projects\smart-store-ddstcyr\data\prepared
2025-03-26 12:11:25.568 | INFO     | __main__:main:169 - scripts folder: C:\Projects\smart-store-ddstcyr\scripts
2025-03-26 12:11:25.568 | INFO     | __main__:read_raw_data:66 - FUNCTION START: read_raw_data with file_name=customers_data.csv
2025-03-26 12:11:25.568 | INFO     | __main__:read_raw_data:68 - Reading data from C:\Projects\smart-store-ddstcyr\data\raw\customers_data.csv
2025-03-26 12:11:25.590 | INFO     | __main__:read_raw_data:70 - Loaded dataframe with 10 rows and 10 columns
2025-03-26 12:11:25.593 | INFO     | __main__:main:178 - Initial dataframe columns: CustomerID, Name, Region, JoinDate, RewardPoints, ContactMethod, Unnamed: 6, Unnamed: 7, Unnamed: 8, Unnamed: 9
2025-03-26 12:11:25.594 | INFO     | __main__:main:179 - Initial dataframe shape: (10, 10)
2025-03-26 12:11:25.595 | INFO     | __main__:remove_duplicates:98 - FUNCTION START: remove_duplicates with dataframe shape=(10, 10)
2025-03-26 12:11:25.598 | INFO     | __main__:remove_duplicates:102 - Removed 0 duplicate rows
2025-03-26 12:11:25.598 | INFO     | __main__:remove_duplicates:103 - 10 records remaining after removing duplicates.
2025-03-26 12:11:25.599 | INFO     | __main__:handle_missing_values:117 - FUNCTION START: handle_missing_values with dataframe shape=(10, 10)
2025-03-26 12:11:25.602 | INFO     | __main__:handle_missing_values:121 - Total missing values before handling: 40
2025-03-26 12:11:25.603 | INFO     | __main__:handle_missing_values:130 - Total missing values after handling: 40
2025-03-26 12:11:25.603 | INFO     | __main__:handle_missing_values:131 - 10 records remaining after handling missing values.
2025-03-26 12:11:25.604 | INFO     | __main__:remove_outliers:145 - FUNCTION START: remove_outliers with dataframe shape=(10, 10)
2025-03-26 12:11:25.605 | INFO     | __main__:remove_outliers:153 - Removed 0 outlier rows
2025-03-26 12:11:25.605 | INFO     | __main__:remove_outliers:154 - 10 records remaining after removing outliers.
2025-03-26 12:11:25.605 | INFO     | __main__:save_prepared_data:81 - FUNCTION START: save_prepared_data with file_name=customers_data_prepared.csv, dataframe shape=(10, 10)
2025-03-26 12:11:25.613 | INFO     | __main__:save_prepared_data:84 - Data saved to C:\Projects\smart-store-ddstcyr\data\prepared\customers_data_prepared.csv
2025-03-26 12:11:25.615 | INFO     | __main__:main:202 - ==================================
2025-03-26 12:11:25.617 | INFO     | __main__:main:203 - FINISHED prepare_customers_data.py
2025-03-26 12:11:25.618 | INFO     | __main__:main:204 - ==================================
2025-03-26 12:37:55.585 | INFO     | __main__:main:162 - ==================================
2025-03-26 12:37:55.585 | INFO     | __main__:main:163 - STARTING prepare_products_data.py
2025-03-26 12:37:55.585 | INFO     | __main__:main:164 - ==================================
2025-03-26 12:37:55.585 | INFO     | __main__:read_raw_data:66 - FUNCTION START: read_raw_data with file_name=sales_data.csv
2025-03-26 12:37:55.585 | INFO     | __main__:read_raw_data:68 - Reading data from C:\Projects\smart-store-ddstcyr\data\raw\sales_data.csv
2025-03-26 12:37:55.597 | INFO     | __main__:read_raw_data:70 - Loaded dataframe with 94 rows and 14 columns
2025-03-26 12:37:55.603 | INFO     | __main__:main:176 - Initial dataframe columns: TransactionID, SaleDate, CustomerID, ProductID, StoreID, CampaignID, SaleAmount, DiscountCoupon, PaymentType
2025-03-26 12:37:55.603 | INFO     | __main__:main:177 - Initial dataframe shape: (94, 9)
2025-03-26 12:37:55.605 | INFO     | __main__:main:186 - Cleaned column names: TransactionID -> transactionid, SaleDate -> saledate, CustomerID -> customerid, ProductID -> productid, StoreID -> storeid, CampaignID -> campaignid, SaleAmount -> saleamount, DiscountCoupon -> discountcoupon, PaymentType -> paymenttype
2025-03-26 12:37:55.607 | INFO     | __main__:remove_duplicates:98 - FUNCTION START: remove_duplicates with dataframe shape=(94, 9)
2025-03-26 12:37:55.610 | INFO     | __main__:remove_duplicates:102 - Removed 0 duplicate rows
2025-03-26 12:37:55.611 | INFO     | __main__:remove_duplicates:103 - 94 records remaining after removing duplicates.
2025-03-26 12:37:55.614 | INFO     | __main__:handle_missing_values:117 - FUNCTION START: handle_missing_values with dataframe shape=(94, 9)
2025-03-26 12:37:55.617 | INFO     | __main__:handle_missing_values:121 - Total missing values before handling: 0
2025-03-26 12:37:55.619 | INFO     | __main__:handle_missing_values:130 - Total missing values after handling: 0
2025-03-26 12:37:55.619 | INFO     | __main__:handle_missing_values:131 - 94 records remaining after handling missing values.
2025-03-26 12:38:24.033 | INFO     | __main__:main:162 - ==================================
2025-03-26 12:38:24.047 | INFO     | __main__:main:163 - STARTING prepare_customers_data.py
2025-03-26 12:38:24.047 | INFO     | __main__:main:164 - ==================================
2025-03-26 12:38:24.047 | INFO     | __main__:main:166 - Root project folder: C:\Projects\smart-store-ddstcyr
2025-03-26 12:38:24.047 | INFO     | __main__:main:167 - data / raw folder: C:\Projects\smart-store-ddstcyr\data\raw
2025-03-26 12:38:24.047 | INFO     | __main__:main:168 - data / prepared folder: C:\Projects\smart-store-ddstcyr\data\prepared
2025-03-26 12:38:24.047 | INFO     | __main__:main:169 - scripts folder: C:\Projects\smart-store-ddstcyr\scripts
2025-03-26 12:38:24.047 | INFO     | __main__:read_raw_data:66 - FUNCTION START: read_raw_data with file_name=customers_data.csv
2025-03-26 12:38:24.047 | INFO     | __main__:read_raw_data:68 - Reading data from C:\Projects\smart-store-ddstcyr\data\raw\customers_data.csv
2025-03-26 12:38:24.056 | INFO     | __main__:read_raw_data:70 - Loaded dataframe with 10 rows and 10 columns
2025-03-26 12:38:24.056 | INFO     | __main__:main:178 - Initial dataframe columns: CustomerID, Name, Region, JoinDate, RewardPoints, ContactMethod, Unnamed: 6, Unnamed: 7, Unnamed: 8, Unnamed: 9
2025-03-26 12:38:24.057 | INFO     | __main__:main:179 - Initial dataframe shape: (10, 10)
2025-03-26 12:38:24.057 | INFO     | __main__:remove_duplicates:98 - FUNCTION START: remove_duplicates with dataframe shape=(10, 10)
2025-03-26 12:38:24.057 | INFO     | __main__:remove_duplicates:102 - Removed 0 duplicate rows
2025-03-26 12:38:24.057 | INFO     | __main__:remove_duplicates:103 - 10 records remaining after removing duplicates.
2025-03-26 12:38:24.057 | INFO     | __main__:handle_missing_values:117 - FUNCTION START: handle_missing_values with dataframe shape=(10, 10)
2025-03-26 12:38:24.057 | INFO     | __main__:handle_missing_values:121 - Total missing values before handling: 40
2025-03-26 12:38:24.064 | INFO     | __main__:handle_missing_values:130 - Total missing values after handling: 40
2025-03-26 12:38:24.064 | INFO     | __main__:handle_missing_values:131 - 10 records remaining after handling missing values.
2025-03-26 12:38:24.066 | INFO     | __main__:remove_outliers:145 - FUNCTION START: remove_outliers with dataframe shape=(10, 10)
2025-03-26 12:38:24.066 | INFO     | __main__:remove_outliers:153 - Removed 0 outlier rows
2025-03-26 12:38:24.066 | INFO     | __main__:remove_outliers:154 - 10 records remaining after removing outliers.
2025-03-26 12:38:24.066 | INFO     | __main__:save_prepared_data:81 - FUNCTION START: save_prepared_data with file_name=customers_data_prepared.csv, dataframe shape=(10, 10)
2025-03-26 12:38:24.070 | INFO     | __main__:save_prepared_data:84 - Data saved to C:\Projects\smart-store-ddstcyr\data\prepared\customers_data_prepared.csv
2025-03-26 12:38:24.073 | INFO     | __main__:main:202 - ==================================
2025-03-26 12:38:24.075 | INFO     | __main__:main:203 - FINISHED prepare_customers_data.py
2025-03-26 12:38:24.075 | INFO     | __main__:main:204 - ==================================
2025-03-26 12:41:53.271 | INFO     | __main__:main:227 - ==================================
2025-03-26 12:41:53.273 | INFO     | __main__:main:228 - STARTING prepare_sales_data.py
2025-03-26 12:41:53.273 | INFO     | __main__:main:229 - ==================================
2025-03-26 12:41:53.274 | INFO     | __main__:read_raw_data:59 - FUNCTION START: read_raw_data with file_name=sales_data.csv
2025-03-26 12:41:53.281 | INFO     | __main__:read_raw_data:61 - Reading data from C:\Projects\smart-store-ddstcyr\data\raw\sales_data.csv
2025-03-26 12:41:53.302 | INFO     | __main__:read_raw_data:63 - Loaded dataframe with 94 rows and 14 columns
2025-03-26 12:41:53.307 | INFO     | __main__:main:241 - Initial dataframe columns: TransactionID, SaleDate, CustomerID, ProductID, StoreID, CampaignID, SaleAmount, DiscountCoupon, PaymentType
2025-03-26 12:41:53.308 | INFO     | __main__:main:242 - Initial dataframe shape: (94, 9)
2025-03-26 12:41:53.311 | INFO     | __main__:main:251 - Cleaned column names: TransactionID -> transactionid, SaleDate -> saledate, CustomerID -> customerid, ProductID -> productid, StoreID -> storeid, CampaignID -> campaignid, SaleAmount -> saleamount, DiscountCoupon -> discountcoupon, PaymentType -> paymenttype
2025-03-26 12:41:53.312 | INFO     | __main__:remove_duplicates:96 - FUNCTION START: remove_duplicates with dataframe shape=(94, 9)
2025-03-26 12:41:53.318 | INFO     | __main__:remove_duplicates:106 - Removed 0 duplicate rows
2025-03-26 12:41:53.318 | INFO     | __main__:remove_duplicates:107 - 94 records remaining after removing duplicates.
2025-03-26 12:41:53.320 | INFO     | __main__:handle_missing_values:121 - FUNCTION START: handle_missing_values with dataframe shape=(94, 9)
2025-03-26 12:41:53.322 | INFO     | __main__:handle_missing_values:126 - Missing values by column before handling:
transactionid     0
saledate          0
customerid        0
productid         0
storeid           0
campaignid        0
saleamount        0
discountcoupon    0
paymenttype       0
dtype: int64
2025-03-26 12:41:53.326 | INFO     | __main__:handle_missing_values:140 - Missing values by column after handling:
transactionid     0
saledate          0
customerid        0
productid         0
storeid           0
campaignid        0
saleamount        0
discountcoupon    0
paymenttype       0
dtype: int64
2025-03-26 12:41:53.333 | INFO     | __main__:handle_missing_values:141 - 94 records remaining after handling missing values.
2025-03-26 12:41:53.335 | INFO     | __main__:standardize_formats:188 - FUNCTION START: standardize_formats with dataframe shape=(94, 9)
2025-03-26 12:41:53.335 | INFO     | __main__:standardize_formats:198 - Completed standardizing formats
2025-03-26 12:41:53.335 | INFO     | __main__:remove_outliers:155 - FUNCTION START: remove_outliers with dataframe shape=(94, 9)
2025-03-26 12:41:53.335 | INFO     | __main__:remove_outliers:174 - Removed 0 outlier rows
2025-03-26 12:41:53.337 | INFO     | __main__:remove_outliers:175 - 94 records remaining after removing outliers.
2025-03-26 12:41:53.339 | INFO     | __main__:validate_data:211 - FUNCTION START: validate_data with dataframe shape=(94, 9)
2025-03-26 12:41:53.339 | INFO     | __main__:validate_data:220 - Data validation complete
2025-03-26 12:41:53.339 | INFO     | __main__:save_prepared_data:81 - FUNCTION START: save_prepared_data with file_name=sales_data_prepared.csv, dataframe shape=(94, 9)
2025-03-26 12:41:53.352 | INFO     | __main__:save_prepared_data:84 - Data saved to C:\Projects\smart-store-ddstcyr\data\prepared\sales_data_prepared.csv
2025-03-26 12:41:53.352 | INFO     | __main__:main:263 - ==================================
2025-03-26 12:41:53.354 | INFO     | __main__:main:264 - FINISHED prepare_sales_data.py
2025-03-26 12:41:53.356 | INFO     | __main__:main:265 - ==================================
2025-03-26 12:43:55.050 | INFO     | __main__:main:162 - ==================================
2025-03-26 12:43:55.050 | INFO     | __main__:main:163 - STARTING prepare_customers_data.py
2025-03-26 12:43:55.050 | INFO     | __main__:main:164 - ==================================
2025-03-26 12:43:55.050 | INFO     | __main__:main:166 - Root project folder: C:\Projects\smart-store-ddstcyr
2025-03-26 12:43:55.050 | INFO     | __main__:main:167 - data / raw folder: C:\Projects\smart-store-ddstcyr\data\raw
2025-03-26 12:43:55.050 | INFO     | __main__:main:168 - data / prepared folder: C:\Projects\smart-store-ddstcyr\data\prepared
2025-03-26 12:43:55.050 | INFO     | __main__:main:169 - scripts folder: C:\Projects\smart-store-ddstcyr\scripts
2025-03-26 12:43:55.050 | INFO     | __main__:read_raw_data:66 - FUNCTION START: read_raw_data with file_name=customers_data.csv
2025-03-26 12:43:55.050 | INFO     | __main__:read_raw_data:68 - Reading data from C:\Projects\smart-store-ddstcyr\data\raw\customers_data.csv
2025-03-26 12:43:55.059 | INFO     | __main__:read_raw_data:70 - Loaded dataframe with 10 rows and 10 columns
2025-03-26 12:43:55.063 | INFO     | __main__:main:181 - Initial dataframe columns: CustomerID, Name, Region, JoinDate, RewardPoints, ContactMethod
2025-03-26 12:43:55.063 | INFO     | __main__:main:182 - Initial dataframe shape: (10, 6)
2025-03-26 12:43:55.064 | INFO     | __main__:remove_duplicates:98 - FUNCTION START: remove_duplicates with dataframe shape=(10, 6)
2025-03-26 12:43:55.067 | INFO     | __main__:remove_duplicates:102 - Removed 0 duplicate rows
2025-03-26 12:43:55.068 | INFO     | __main__:remove_duplicates:103 - 10 records remaining after removing duplicates.
2025-03-26 12:43:55.068 | INFO     | __main__:handle_missing_values:117 - FUNCTION START: handle_missing_values with dataframe shape=(10, 6)
2025-03-26 12:43:55.069 | INFO     | __main__:handle_missing_values:121 - Total missing values before handling: 0
2025-03-26 12:43:55.071 | INFO     | __main__:handle_missing_values:130 - Total missing values after handling: 0
2025-03-26 12:43:55.073 | INFO     | __main__:handle_missing_values:131 - 10 records remaining after handling missing values.
2025-03-26 12:43:55.075 | INFO     | __main__:remove_outliers:145 - FUNCTION START: remove_outliers with dataframe shape=(10, 6)
2025-03-26 12:43:55.076 | INFO     | __main__:remove_outliers:153 - Removed 0 outlier rows
2025-03-26 12:43:55.077 | INFO     | __main__:remove_outliers:154 - 10 records remaining after removing outliers.
2025-03-26 12:43:55.078 | INFO     | __main__:save_prepared_data:81 - FUNCTION START: save_prepared_data with file_name=customers_data_prepared.csv, dataframe shape=(10, 6)
2025-03-26 12:43:55.083 | INFO     | __main__:save_prepared_data:84 - Data saved to C:\Projects\smart-store-ddstcyr\data\prepared\customers_data_prepared.csv
2025-03-26 12:43:55.084 | INFO     | __main__:main:205 - ==================================
2025-03-26 12:43:55.085 | INFO     | __main__:main:206 - FINISHED prepare_customers_data.py
2025-03-26 12:43:55.087 | INFO     | __main__:main:207 - ==================================
2025-03-26 12:44:26.911 | INFO     | __main__:main:227 - ==================================
2025-03-26 12:44:26.912 | INFO     | __main__:main:228 - STARTING prepare_products_data.py
2025-03-26 12:44:26.912 | INFO     | __main__:main:229 - ==================================
2025-03-26 12:44:26.912 | INFO     | __main__:main:231 - Root project folder: C:\Projects\smart-store-ddstcyr
2025-03-26 12:44:26.912 | INFO     | __main__:main:232 - data / raw folder: C:\Projects\smart-store-ddstcyr\data\raw
2025-03-26 12:44:26.912 | INFO     | __main__:main:233 - data / prepared folder: C:\Projects\smart-store-ddstcyr\data\prepared
2025-03-26 12:44:26.913 | INFO     | __main__:read_raw_data:59 - FUNCTION START: read_raw_data with file_name=products_data.csv
2025-03-26 12:44:26.914 | INFO     | __main__:read_raw_data:61 - Reading data from C:\Projects\smart-store-ddstcyr\data\raw\products_data.csv
2025-03-26 12:44:26.925 | INFO     | __main__:read_raw_data:63 - Loaded dataframe with 8 rows and 10 columns
2025-03-26 12:44:26.927 | INFO     | __main__:main:245 - Initial dataframe columns: ProductID, ProductName, Category, UnitPrice, StockQuantity, Supplier
2025-03-26 12:44:26.928 | INFO     | __main__:main:246 - Initial dataframe shape: (8, 6)
2025-03-26 12:44:26.930 | INFO     | __main__:main:255 - Cleaned column names: ProductID -> productid, ProductName -> productname, Category -> category, UnitPrice -> unitprice, StockQuantity -> stockquantity, Supplier -> supplier
2025-03-26 12:44:26.931 | INFO     | __main__:remove_duplicates:96 - FUNCTION START: remove_duplicates with dataframe shape=(8, 6)
2025-03-26 12:44:26.935 | INFO     | __main__:remove_duplicates:106 - Removed 0 duplicate rows
2025-03-26 12:44:26.935 | INFO     | __main__:remove_duplicates:107 - 8 records remaining after removing duplicates.
2025-03-26 12:44:26.935 | INFO     | __main__:handle_missing_values:121 - FUNCTION START: handle_missing_values with dataframe shape=(8, 6)
2025-03-26 12:44:26.939 | INFO     | __main__:handle_missing_values:126 - Missing values by column before handling:
productid        0
productname      0
category         0
unitprice        0
stockquantity    0
supplier         0
dtype: int64
2025-03-26 12:44:26.940 | INFO     | __main__:handle_missing_values:140 - Missing values by column after handling:
productid        0
productname      0
category         0
unitprice        0
stockquantity    0
supplier         0
dtype: int64
2025-03-26 12:44:26.942 | INFO     | __main__:handle_missing_values:141 - 8 records remaining after handling missing values.
2025-03-26 12:44:26.942 | INFO     | __main__:standardize_formats:188 - FUNCTION START: standardize_formats with dataframe shape=(8, 6)
2025-03-26 12:44:26.942 | INFO     | __main__:standardize_formats:198 - Completed standardizing formats
2025-03-26 12:44:26.942 | INFO     | __main__:remove_outliers:155 - FUNCTION START: remove_outliers with dataframe shape=(8, 6)
2025-03-26 12:44:26.943 | INFO     | __main__:remove_outliers:174 - Removed 0 outlier rows
2025-03-26 12:44:26.943 | INFO     | __main__:remove_outliers:175 - 8 records remaining after removing outliers.
2025-03-26 12:44:26.944 | INFO     | __main__:validate_data:211 - FUNCTION START: validate_data with dataframe shape=(8, 6)
2025-03-26 12:44:26.978 | INFO     | __main__:validate_data:220 - Data validation complete
2025-03-26 12:44:26.978 | INFO     | __main__:save_prepared_data:81 - FUNCTION START: save_prepared_data with file_name=products_data_prepared.csv, dataframe shape=(8, 6)
2025-03-26 12:44:27.009 | INFO     | __main__:save_prepared_data:84 - Data saved to C:\Projects\smart-store-ddstcyr\data\prepared\products_data_prepared.csv
2025-03-26 12:44:27.030 | INFO     | __main__:main:267 - ==================================
2025-03-26 12:44:27.042 | INFO     | __main__:main:268 - FINISHED prepare_products_data.py
2025-03-26 12:44:27.053 | INFO     | __main__:main:269 - ==================================
